app/build/outputs/logs/manifest-merger-debug-report.txt
-- Merging decision tree log ---
manifest
ADDED from src/main/AndroidManifest.xml:2:1-52:12
	package
		ADDED from src/main/AndroidManifest.xml:3:5-47
		INJECTED from src/main/AndroidManifest.xml
		INJECTED from src/main/AndroidManifest.xml
	android:versionName
		INJECTED from src/main/AndroidManifest.xml
		INJECTED from src/main/AndroidManifest.xml
	xmlns:android
		ADDED from src/main/AndroidManifest.xml:2:11-69
	android:versionCode
		INJECTED from src/main/AndroidManifest.xml
		INJECTED from src/main/AndroidManifest.xml
uses-permission#android.permission.INTERNET
ADDED from src/main/AndroidManifest.xml:5:5-67
	android:name
		ADDED from src/main/AndroidManifest.xml:5:22-64
uses-permission#android.permission.ACCESS_NETWORK_STATE
ADDED from src/main/AndroidManifest.xml:7:5-79
	android:name
		ADDED from src/main/AndroidManifest.xml:7:22-76
uses-permission#android.permission.ACCESS_WIFI_STATE
ADDED from src/main/AndroidManifest.xml:9:5-76
	android:name
		ADDED from src/main/AndroidManifest.xml:9:22-73
uses-permission#android.permission.WAKE_LOCK
ADDED from src/main/AndroidManifest.xml:11:5-68
	android:name
		ADDED from src/main/AndroidManifest.xml:11:22-65
uses-permission#android.permission.WRITE_EXTERNAL_STORAGE
ADDED from src/main/AndroidManifest.xml:13:5-81
	android:name
		ADDED from src/main/AndroidManifest.xml:13:22-78
uses-permission#android.permission.READ_PHONE_STATE
ADDED from src/main/AndroidManifest.xml:15:5-75
	android:name
		ADDED from src/main/AndroidManifest.xml:15:22-72
application
ADDED from src/main/AndroidManifest.xml:17:5-50:19
MERGED from [cn.bmob.android:bmob-sdk:3.5.3] AndroidManifest.xml:11:5-14:19
MERGED from [com.android.support:design:23.1.1] AndroidManifest.xml:22:5-20
MERGED from [com.android.support:appcompat-v7:23.1.1] AndroidManifest.xml:22:5-20
MERGED from [com.android.support:support-v4:23.1.1] AndroidManifest.xml:22:5-20
MERGED from [de.hdodenhof:circleimageview:2.1.0] AndroidManifest.xml:9:5-20
	android:label
		ADDED from src/main/AndroidManifest.xml:20:9-41
	android:supportsRtl
		ADDED from src/main/AndroidManifest.xml:21:9-35
	android:allowBackup
		ADDED from src/main/AndroidManifest.xml:18:9-35
	android:icon
		ADDED from src/main/AndroidManifest.xml:19:9-40
	android:theme
		ADDED from src/main/AndroidManifest.xml:22:9-40
activity#com.scnu.bangzhu.ganhuocommunity.module.main.MainActivity
ADDED from src/main/AndroidManifest.xml:23:9-26:20
	android:launchMode
		ADDED from src/main/AndroidManifest.xml:24:13-44
	android:name
		ADDED from src/main/AndroidManifest.xml:23:19-59
activity#com.scnu.bangzhu.ganhuocommunity.module.login.LoginActivity
ADDED from src/main/AndroidManifest.xml:27:9-73
	android:name
		ADDED from src/main/AndroidManifest.xml:27:19-61
activity#com.scnu.bangzhu.ganhuocommunity.module.register.RegisterActivity
ADDED from src/main/AndroidManifest.xml:28:9-79
	android:name
		ADDED from src/main/AndroidManifest.xml:28:19-67
activity#com.scnu.bangzhu.ganhuocommunity.module.addarticle.AddArticleActivity
ADDED from src/main/AndroidManifest.xml:29:9-83
	android:name
		ADDED from src/main/AndroidManifest.xml:29:19-71
activity#com.scnu.bangzhu.ganhuocommunity.module.main.articledetail.ArticleDetailsActivity
ADDED from src/main/AndroidManifest.xml:30:9-95
	android:name
		ADDED from src/main/AndroidManifest.xml:30:19-83
activity#com.scnu.bangzhu.ganhuocommunity.module.main.authordetail.AuthorDetailActivity
ADDED from src/main/AndroidManifest.xml:31:9-92
	android:name
		ADDED from src/main/AndroidManifest.xml:31:19-80
activity#com.scnu.bangzhu.ganhuocommunity.module.main.authordetail.AuthorArticleListActivity
ADDED from src/main/AndroidManifest.xml:32:9-97
	android:name
		ADDED from src/main/AndroidManifest.xml:32:19-85
activity#com.scnu.bangzhu.ganhuocommunity.module.main.me.userarticlelist.UserArticleListActivity
ADDED from src/main/AndroidManifest.xml:33:9-101
	android:name
		ADDED from src/main/AndroidManifest.xml:33:19-89
activity#com.scnu.bangzhu.ganhuocommunity.module.main.me.collecteduserlist.UserListActivity
ADDED from src/main/AndroidManifest.xml:34:9-96
	android:name
		ADDED from src/main/AndroidManifest.xml:34:19-84
activity#com.scnu.bangzhu.ganhuocommunity.module.main.me.usercreatedarticle.UserCreatedArticleActivity
ADDED from src/main/AndroidManifest.xml:35:9-107
	android:name
		ADDED from src/main/AndroidManifest.xml:35:19-95
activity#com.scnu.bangzhu.ganhuocommunity.module.splash.SplashActivity
ADDED from src/main/AndroidManifest.xml:36:9-43:20
	android:theme
		ADDED from src/main/AndroidManifest.xml:37:13-47
	android:name
		ADDED from src/main/AndroidManifest.xml:36:19-63
intent-filter#android.intent.action.MAIN+android.intent.category.LAUNCHER
ADDED from src/main/AndroidManifest.xml:38:13-42:29
action#android.intent.action.MAIN
ADDED from src/main/AndroidManifest.xml:39:17-69
	android:name
		ADDED from src/main/AndroidManifest.xml:39:25-66
category#android.intent.category.LAUNCHER
ADDED from src/main/AndroidManifest.xml:41:17-77
	android:name
		ADDED from src/main/AndroidManifest.xml:41:27-74
service#com.scnu.bangzhu.ganhuocommunity.module.main.messagenotification.NotifyMessageService
ADDED from src/main/AndroidManifest.xml:46:9-97
	android:name
		ADDED from src/main/AndroidManifest.xml:46:18-86
receiver#com.scnu.bangzhu.ganhuocommunity.module.main.messagenotification.RepeatingAlarmReceiver
ADDED from src/main/AndroidManifest.xml:49:9-101
	android:name
		ADDED from src/main/AndroidManifest.xml:49:19-89
uses-sdk
INJECTED from src/main/AndroidManifest.xml reason: use-sdk injection requested
MERGED from [cn.bmob.android:bmob-sdk:3.5.3] AndroidManifest.xml:7:5-9:41
MERGED from [com.android.support:design:23.1.1] AndroidManifest.xml:20:5-43
MERGED from [com.android.support:appcompat-v7:23.1.1] AndroidManifest.xml:20:5-43
MERGED from [com.android.support:recyclerview-v7:23.1.1] AndroidManifest.xml:20:5-43
MERGED from [jp.wasabeef:richeditor-android:1.2.1] AndroidManifest.xml:8:5-10:41
MERGED from [com.android.support:support-v4:23.1.1] AndroidManifest.xml:20:5-43
MERGED from [de.hdodenhof:circleimageview:2.1.0] AndroidManifest.xml:5:5-7:41
	android:targetSdkVersion
		INJECTED from src/main/AndroidManifest.xml
		INJECTED from src/main/AndroidManifest.xml
	android:minSdkVersion
		INJECTED from src/main/AndroidManifest.xml
		INJECTED from src/main/AndroidManifest.xml